[2025-09-03 16:44:04][INFO][T:AWT-EventQueue-0] Game Start → Map=60x40, Hospitals=0, Score=500
[2025-09-03 16:44:26][INFO][T:AWT-EventQueue-0] RESTART requested → applying initial state
[2025-09-03 16:44:28][INFO][T:AWT-EventQueue-0] Ambulance PICKUP → rescuer#1 at (0,11), victim#4 sev=CRITICAL t0=60
[2025-09-03 16:44:28][INFO][T:AWT-EventQueue-0] RESTART requested → applying initial state
[2025-09-03 16:44:29][INFO][T:AWT-EventQueue-0] Ambulance PICKUP → rescuer#1 at (0,11), victim#4 sev=CRITICAL t0=60
[2025-09-03 16:44:46][INFO][T:AWT-EventQueue-0] Game Start → Map=60x40, Hospitals=0, Score=500
[2025-09-03 16:45:08][INFO][T:AWT-EventQueue-0] QUICK SAVE → file="saves/quick.sav"
[2025-09-03 16:45:08][INFO][T:AWT-EventQueue-0] SAVE OK → file="saves/quick.sav"
[2025-09-03 16:45:09][INFO][T:AWT-EventQueue-0] Ambulance PICKUP → rescuer#1 at (9,16), victim#10 sev=CRITICAL t0=60
[2025-09-03 16:45:12][INFO][T:AWT-EventQueue-0] Ambulance PICKUP → rescuer#1 at (10,9), victim#3 sev=LOW t0=180
[2025-09-03 16:45:13][INFO][T:AWT-EventQueue-0] QUICK LOAD → file="saves/quick.sav"
[2025-09-03 16:45:13][INFO][T:AWT-EventQueue-0] LOAD OK → file="saves/quick.sav"
[2025-09-03 16:45:14][INFO][T:AWT-EventQueue-0] Ambulance PICKUP → rescuer#1 at (10,9), victim#3 sev=LOW t0=180
[2025-09-03 16:45:17][INFO][T:AWT-EventQueue-0] RESTART requested → applying initial state
[2025-09-03 16:45:18][INFO][T:AWT-EventQueue-0] Ambulance PICKUP → rescuer#1 at (10,9), victim#3 sev=LOW t0=180
[2025-09-03 17:17:59][INFO][T:AWT-EventQueue-0] Game Start → Map=60x40, Hospitals=0, Score=500
[2025-09-03 17:18:15][INFO][T:AWT-EventQueue-0] QUICK SAVE → file="saves/quick.sav"
[2025-09-03 17:18:15][INFO][T:AWT-EventQueue-0] SAVE OK → file="saves/quick.sav"
[2025-09-03 17:18:17][INFO][T:AWT-EventQueue-0] Ambulance PICKUP → rescuer#1 at (5,20), victim#1 sev=CRITICAL t0=60
[2025-09-03 17:18:22][INFO][T:AWT-EventQueue-0] RESTART requested → applying initial state
[2025-09-03 17:18:24][INFO][T:AWT-EventQueue-0] Ambulance PICKUP → rescuer#1 at (59,27), victim#8 sev=MEDIUM t0=120
[2025-09-03 17:18:27][INFO][T:AWT-EventQueue-0] RESTART requested → applying initial state
[2025-09-03 17:18:29][INFO][T:AWT-EventQueue-0] Ambulance PICKUP → rescuer#1 at (59,27), victim#8 sev=MEDIUM t0=120
[2025-09-03 17:18:35][INFO][T:AWT-EventQueue-0] RESTART requested → applying initial state
[2025-09-03 17:18:37][INFO][T:AWT-EventQueue-0] Ambulance PICKUP → rescuer#1 at (59,27), victim#8 sev=MEDIUM t0=120
